<?xml version="1.0" encoding="UTF-8"?>
<!-- Generated by org.testng.reporters.JUnitReportReporter -->
<testsuite hostname="LAPTOP-4GAGCR1Q" name="NewTest" tests="1" failures="0" timestamp="16 Aug 2018 15:01:43 GMT" time="10.215" errors="0">
  <testcase name="checkGoogleSearch" time="10.215" classname="NewTest"/>
</testsuite> <!-- NewTest -->
